
Warning-[LNX_OS_VERUN] Unsupported Linux version
  Linux version 'CentOS Linux release 7.9.2009 (Core)' is not supported on 
  'x86_64' officially, assuming linux compatibility by default. Set 
  VCS_ARCH_OVERRIDE to linux or suse32 to override.
  Please refer to release notes for information on supported platforms.

                         Chronologic VCS (TM)
        Version L-2016.06-1_Full64 -- Mon Apr 21 01:57:33 2025
               Copyright (c) 1991-2016 by Synopsys Inc.
                         ALL RIGHTS RESERVED

This program is proprietary and confidential information of Synopsys Inc.
and may be used and disclosed only as authorized in a license agreement
controlling such use and disclosure.

Parsing design file '../PE/src/SystemVerilogCSP.sv'
Parsing design file './top_tb.sv'
Parsing design file './top.sv'
Parsing design file '../PE/src/PE.sv'

Note-[SV-LCM-PPWI] Package previously wildcard imported
../PE/src/PE.sv, 3
$unit
  Package 'SystemVerilogCSP' already wildcard imported. 
  Ignoring SystemVerilogCSP::*
  See the System Verilog LRM(1800-2005), section 18.1.

Parsing design file '../PE/src/depacketizer.sv'

Note-[SV-LCM-PPWI] Package previously wildcard imported
../PE/src/depacketizer.sv, 8
$unit
  Package 'SystemVerilogCSP' already wildcard imported. 
  Ignoring SystemVerilogCSP::*
  See the System Verilog LRM(1800-2005), section 18.1.

Parsing design file '../PE/src/split.sv'

Note-[SV-LCM-PPWI] Package previously wildcard imported
../PE/src/split.sv, 3
$unit
  Package 'SystemVerilogCSP' already wildcard imported. 
  Ignoring SystemVerilogCSP::*
  See the System Verilog LRM(1800-2005), section 18.1.

Parsing design file '../PE/src/special_split.sv'

Note-[SV-LCM-PPWI] Package previously wildcard imported
../PE/src/special_split.sv, 3
$unit
  Package 'SystemVerilogCSP' already wildcard imported. 
  Ignoring SystemVerilogCSP::*
  See the System Verilog LRM(1800-2005), section 18.1.

Parsing design file '../PE/src/priority_mux.sv'

Note-[SV-LCM-PPWI] Package previously wildcard imported
../PE/src/priority_mux.sv, 3
$unit
  Package 'SystemVerilogCSP' already wildcard imported. 
  Ignoring SystemVerilogCSP::*
  See the System Verilog LRM(1800-2005), section 18.1.

Parsing design file '../PE/src/copy.sv'

Note-[SV-LCM-PPWI] Package previously wildcard imported
../PE/src/copy.sv, 3
$unit
  Package 'SystemVerilogCSP' already wildcard imported. 
  Ignoring SystemVerilogCSP::*
  See the System Verilog LRM(1800-2005), section 18.1.

Parsing design file '../PE/src/copy4.sv'

Note-[SV-LCM-PPWI] Package previously wildcard imported
../PE/src/copy4.sv, 3
$unit
  Package 'SystemVerilogCSP' already wildcard imported. 
  Ignoring SystemVerilogCSP::*
  See the System Verilog LRM(1800-2005), section 18.1.

Parsing design file '../PE/src/conditional_copy.sv'

Note-[SV-LCM-PPWI] Package previously wildcard imported
../PE/src/conditional_copy.sv, 3
$unit
  Package 'SystemVerilogCSP' already wildcard imported. 
  Ignoring SystemVerilogCSP::*
  See the System Verilog LRM(1800-2005), section 18.1.

Parsing design file '../PE/src/mac.sv'

Note-[SV-LCM-PPWI] Package previously wildcard imported
../PE/src/mac.sv, 3
$unit
  Package 'SystemVerilogCSP' already wildcard imported. 
  Ignoring SystemVerilogCSP::*
  See the System Verilog LRM(1800-2005), section 18.1.

Parsing design file '../PE/src/spike_residue.sv'

Note-[SV-LCM-PPWI] Package previously wildcard imported
../PE/src/spike_residue.sv, 3
$unit
  Package 'SystemVerilogCSP' already wildcard imported. 
  Ignoring SystemVerilogCSP::*
  See the System Verilog LRM(1800-2005), section 18.1.

Parsing design file '../PE/src/two_input_adder.sv'

Note-[SV-LCM-PPWI] Package previously wildcard imported
../PE/src/two_input_adder.sv, 3
$unit
  Package 'SystemVerilogCSP' already wildcard imported. 
  Ignoring SystemVerilogCSP::*
  See the System Verilog LRM(1800-2005), section 18.1.

Parsing design file '../PE/src/merge.sv'

Note-[SV-LCM-PPWI] Package previously wildcard imported
../PE/src/merge.sv, 3
$unit
  Package 'SystemVerilogCSP' already wildcard imported. 
  Ignoring SystemVerilogCSP::*
  See the System Verilog LRM(1800-2005), section 18.1.

Parsing design file '../PE/src/packetizer.sv'

Note-[SV-LCM-PPWI] Package previously wildcard imported
../PE/src/packetizer.sv, 8
$unit
  Package 'SystemVerilogCSP' already wildcard imported. 
  Ignoring SystemVerilogCSP::*
  See the System Verilog LRM(1800-2005), section 18.1.

Parsing design file '../PE/src/buffer.sv'

Note-[SV-LCM-PPWI] Package previously wildcard imported
../PE/src/buffer.sv, 3
$unit
  Package 'SystemVerilogCSP' already wildcard imported. 
  Ignoring SystemVerilogCSP::*
  See the System Verilog LRM(1800-2005), section 18.1.

Parsing design file '../router/router_mesh/design/arbiter.sv'

Note-[SV-LCM-PPWI] Package previously wildcard imported
../router/router_mesh/design/arbiter.sv, 3
$unit
  Package 'SystemVerilogCSP' already wildcard imported. 
  Ignoring SystemVerilogCSP::*
  See the System Verilog LRM(1800-2005), section 18.1.

Parsing design file '../router/router_mesh/design/arbiter_merge.sv'

Note-[SV-LCM-PPWI] Package previously wildcard imported
../router/router_mesh/design/arbiter_merge.sv, 4
$unit
  Package 'SystemVerilogCSP' already wildcard imported. 
  Ignoring SystemVerilogCSP::*
  See the System Verilog LRM(1800-2005), section 18.1.

Parsing design file '../router/router_mesh/design/arbiter_merge_4in.sv'

Note-[SV-LCM-PPWI] Package previously wildcard imported
../router/router_mesh/design/arbiter_merge_4in.sv, 4
$unit
  Package 'SystemVerilogCSP' already wildcard imported. 
  Ignoring SystemVerilogCSP::*
  See the System Verilog LRM(1800-2005), section 18.1.

Parsing design file '../router/router_mesh/design/mesh.sv'

Note-[SV-LCM-PPWI] Package previously wildcard imported
../router/router_mesh/design/mesh.sv, 3
$unit
  Package 'SystemVerilogCSP' already wildcard imported. 
  Ignoring SystemVerilogCSP::*
  See the System Verilog LRM(1800-2005), section 18.1.

Parsing design file '../router/router_mesh/design/router.sv'

Note-[SV-LCM-PPWI] Package previously wildcard imported
../router/router_mesh/design/router.sv, 3
$unit
  Package 'SystemVerilogCSP' already wildcard imported. 
  Ignoring SystemVerilogCSP::*
  See the System Verilog LRM(1800-2005), section 18.1.

Top Level Modules:
       top_tb
TimeScale is 1 ns / 1 fs
Starting vcs inline pass...
11 unique modules to generate
recompiling module PE
	However, due to incremental compilation, only 1 module needs to be compiled. 
make[1]: Entering directory `/home/viterbi/06/ychiu078/552/EE552_Final_Project/Baseline/top/csrc'
make[1]: Leaving directory `/home/viterbi/06/ychiu078/552/EE552_Final_Project/Baseline/top/csrc'
make[1]: Entering directory `/home/viterbi/06/ychiu078/552/EE552_Final_Project/Baseline/top/csrc'
rm -f _csrc*.so pre_vcsobj_*.so share_vcsobj_*.so
ld -shared  -o .//../simv.daidir//_csrc0.so objs/amcQw_d.o 
rm -f _csrc0.so
if [ -x ../simv ]; then chmod -x ../simv; fi
g++  -o ../simv   -Wl,-rpath-link=./ -Wl,-rpath='$ORIGIN'/simv.daidir/ -Wl,-rpath=./simv.daidir/ -Wl,-rpath='$ORIGIN'/simv.daidir//scsim.db.dir  -rdynamic   amcQwB.o   _333014_archive_1.so _prev_archive_1.so _csrc0.so  SIM_l.o  _csrc0.so     rmapats_mop.o rmapats.o rmar.o  rmar_llvm_0_1.o rmar_llvm_0_0.o          /usr/local/synopsys//VCS_2016/L-2016.06-1/linux64/lib/libzerosoft_rt_stubs.so /usr/local/synopsys//VCS_2016/L-2016.06-1/linux64/lib/libvirsim.so /usr/local/synopsys//VCS_2016/L-2016.06-1/linux64/lib/liberrorinf.so /usr/local/synopsys//VCS_2016/L-2016.06-1/linux64/lib/libsnpsmalloc.so    /usr/local/synopsys//VCS_2016/L-2016.06-1/linux64/lib/libvcsnew.so /usr/local/synopsys//VCS_2016/L-2016.06-1/linux64/lib/libsimprofile.so /usr/local/synopsys//VCS_2016/L-2016.06-1/linux64/lib/libuclinative.so   -Wl,-whole-archive /usr/local/synopsys//VCS_2016/L-2016.06-1/linux64/lib/libvcsucli.so -Wl,-no-whole-archive          /usr/local/synopsys//VCS_2016/L-2016.06-1/linux64/lib/vcs_save_restore_new.o -ldl  -lc -lm -lpthread -ldl 
../simv up to date
make[1]: Leaving directory `/home/viterbi/06/ychiu078/552/EE552_Final_Project/Baseline/top/csrc'
Chronologic VCS simulator copyright 1991-2016
Contains Synopsys proprietary information.
Compiler version L-2016.06-1_Full64; Runtime version L-2016.06-1_Full64;  Apr 21 01:57 2025
Start simulation!!!
DG top_tb.dg sends data = 000000010000000000000001011001011 @                    0
node           3 receives packet 1a6800080 from PE input at       2.00 ns
DG top_tb.dg sends data = 000000010000000000000001011001111 @    3.00 ns
node           3 sends packet 1a6800080 from PE to East at    4.00 ns
node           3 receives packet 1e6800080 from PE input at       5.00 ns
DG top_tb.dg sends data = 000000010000000000000001011010011 @    6.00 ns
node           3 sends packet 1e6800080 from PE to East at    9.00 ns
node           3 receives packet 196800080 from PE input at      10.00 ns
node           4 receives packet 186800080 from West input at    10.00 ns
DG top_tb.dg sends data = 000000010000000000000001011011011 @   11.00 ns
node           3 sends packet 196800080 from PE to South at   12.00 ns
node           4 sends packet 0100016 from West to PE at   12.00 ns
node           3 receives packet 1b6800080 from PE input at      13.00 ns
DG top_tb.dg sends data = 000000110000010000000101101001011 @   14.00 ns
node           3 sends packet 1b6800080 from PE to East at   15.00 ns
node           4 receives packet 1a6800080 from West input at    15.00 ns
node           3 receives packet 1a5a020c0 from PE input at      16.00 ns
DG top_tb.dg sends data = 000000110000010000000101101001111 @   17.00 ns
node           4 sends packet 1a6800080 from West to East at   17.00 ns
node           3 sends packet 1a5a020c0 from PE to East at   20.00 ns
node           3 receives packet 1e5a020c0 from PE input at      21.00 ns
node           4 receives packet 196800080 from West input at    21.00 ns
DG top_tb.dg sends data = 000000110000010000000101101010011 @   22.00 ns
node           4 sends packet 196800080 from West to South at    23.00 ns
node           5 receives packet 186800080 from West input at    23.00 ns
node           0 receives packet 186800080 from North input at   24.00 ns
node           3 sends packet 1e5a020c0 from PE to East at   25.00 ns
node           5 sends packet 0100016 from West to PE at   25.00 ns
node           0 sends packet 0100016 from North to PE at   26.00 ns
node           3 receives packet 195a020c0 from PE input at      26.00 ns
node           4 receives packet 185a020c0 from West input at    26.00 ns
DG top_tb.dg sends data = 000000110000010000000101101011011 @   27.00 ns
node           3 sends packet 195a020c0 from PE to South at   28.00 ns
node           4 sends packet 030405a from West to PE at   28.00 ns
node           3 receives packet 1b5a020c0 from PE input at      29.00 ns
DG top_tb.dg sends data = 000000110000000000000011111001011 @   30.00 ns
node           3 sends packet 1b5a020c0 from PE to East at   31.00 ns
node           4 receives packet 1a5a020c0 from West input at    31.00 ns
node           3 receives packet 1a7c000c0 from PE input at      32.00 ns
DG top_tb.dg sends data = 000000110000000000000011111001111 @   33.00 ns
node           4 sends packet 1a5a020c0 from West to East at   33.00 ns
node           1 receives packet 186800080 from North input at   35.00 ns
node           3 sends packet 1a7c000c0 from PE to East at   36.00 ns
node           1 sends packet 0100016 from North to PE at   37.00 ns
node           3 receives packet 1e7c000c0 from PE input at      37.00 ns
node           4 receives packet 195a020c0 from West input at    37.00 ns
DG top_tb.dg sends data = 000000110000000000000011111010011 @   38.00 ns
node           4 sends packet 195a020c0 from West to South at    39.00 ns
node           5 receives packet 185a020c0 from West input at    39.00 ns
node           0 receives packet 185a020c0 from North input at   40.00 ns
node           3 sends packet 1e7c000c0 from PE to East at   41.00 ns
node           5 sends packet 030405a from West to PE at   41.00 ns
node           0 sends packet 030405a from North to PE at   42.00 ns
node           3 receives packet 197c000c0 from PE input at      42.00 ns
node           4 receives packet 187c000c0 from West input at    42.00 ns
DG top_tb.dg sends data = 000000110000000000000011111011011 @   43.00 ns
node           3 sends packet 197c000c0 from PE to South at   44.00 ns
node           4 sends packet 030003e from West to PE at   44.00 ns
node           3 receives packet 1b7c000c0 from PE input at      45.00 ns
DG top_tb.dg sends data = 000000000000000101010100000001011 @   46.00 ns
node           3 sends packet 1b7c000c0 from PE to East at   47.00 ns
node           4 receives packet 1a7c000c0 from West input at    47.00 ns
node           3 receives packet 1a02a8000 from PE input at      48.00 ns
DG top_tb.dg sends data = 000000000000000011101000000001111 @   49.00 ns
node           4 sends packet 1a7c000c0 from West to East at   49.00 ns
node           1 receives packet 185a020c0 from North input at   51.00 ns
node           3 sends packet 1a02a8000 from PE to East at   52.00 ns
node           1 sends packet 030405a from North to PE at   53.00 ns
node           3 receives packet 1e0170000 from PE input at      53.00 ns
node           4 receives packet 197c000c0 from West input at    53.00 ns
DG top_tb.dg sends data = 000000000000000010100100000010011 @   54.00 ns
node           4 sends packet 197c000c0 from West to South at    55.00 ns
node           5 receives packet 187c000c0 from West input at    55.00 ns
node           0 receives packet 187c000c0 from North input at   56.00 ns
node           3 sends packet 1e0170000 from PE to East at   57.00 ns
node           5 sends packet 030003e from West to PE at   57.00 ns
node           0 sends packet 030003e from North to PE at   58.00 ns
node           3 receives packet 190250000 from PE input at      58.00 ns
node           4 receives packet 1802a8000 from West input at    58.00 ns
DG top_tb.dg sends data = 000000000000000101000001000011011 @   59.00 ns
node           3 sends packet 190250000 from PE to South at   60.00 ns
node           4 sends packet 0001540 from West to PE at   60.00 ns
node           3 receives packet 1b0828000 from PE input at      61.00 ns
DG top_tb.dg sends data = 000000000000000111101101000101011 @   62.00 ns
node           3 sends packet 1b0828000 from PE to East at   63.00 ns
node           4 receives packet 1a0170000 from West input at    63.00 ns
node           3 receives packet 1a8b78000 from PE input at      64.00 ns
DG top_tb.dg sends data = 000000000000000110011011000101111 @   65.00 ns
node           4 sends packet 1a0170000 from West to East at   65.00 ns
node           1 receives packet 187c000c0 from North input at   67.00 ns
node           3 sends packet 1a8b78000 from PE to East at   68.00 ns
node           1 sends packet 030003e from North to PE at   69.00 ns
node           3 receives packet 1e8d98000 from PE input at      69.00 ns
node           4 receives packet 190828000 from West input at    69.00 ns
DG top_tb.dg sends data = 000000000000000101101110000110011 @   70.00 ns
node           4 sends packet 190828000 from West to South at    71.00 ns
node           5 receives packet 180170000 from West input at    71.00 ns
node           0 receives packet 180250000 from North input at   72.00 ns
node           3 sends packet 1e8d98000 from PE to East at   73.00 ns
node           5 sends packet 0000e80 from West to PE at   73.00 ns
node           0 sends packet 0000a40 from North to PE at   74.00 ns
node           3 receives packet 198768000 from PE input at      74.00 ns
node           4 receives packet 188b78000 from West input at    74.00 ns
DG top_tb.dg sends data = 000000000000000011011100000111011 @   75.00 ns
node           3 sends packet 198768000 from PE to South at   76.00 ns
node           4 sends packet 0001ed1 from West to PE at   76.00 ns
node           3 receives packet 1b83b0000 from PE input at      77.00 ns
node           3 sends packet 1b83b0000 from PE to East at   79.00 ns
node           4 receives packet 1a8d98000 from West input at    79.00 ns
node           4 sends packet 1a8d98000 from West to East at   81.00 ns
node           1 receives packet 180828000 from North input at   83.00 ns
node           1 sends packet 0001410 from North to PE at   85.00 ns
node           4 receives packet 1983b0000 from West input at    85.00 ns
node           4 sends packet 1983b0000 from West to South at    87.00 ns
node           5 receives packet 188d98000 from West input at    87.00 ns
node           0 receives packet 188768000 from North input at   88.00 ns
node           5 sends packet 00019b1 from West to PE at   89.00 ns
node           4 receives packet 1b0000900 from PE input at      89.00 ns
node           0 sends packet 00016e1 from North to PE at   90.00 ns
node           4 sends packet 1b0000900 from PE to East at   91.00 ns
node           5 receives packet 190000900 from West input at    97.00 ns
node           5 sends packet 190000900 from West to South at    99.00 ns
node           1 receives packet 1883b0000 from North input at   99.00 ns
node           1 sends packet 0000dc1 from North to PE at  101.00 ns
node           5 receives packet 190400900 from PE input at     102.00 ns
node           0 receives packet 1e0200600 from PE input at     103.00 ns
node           5 sends packet 190400900 from PE to South at  104.00 ns
node           0 sends packet 1e0200600 from PE to East at  105.00 ns
node           4 receives packet 1b8000980 from PE input at     107.00 ns
node           4 sends packet 1b8000980 from PE to East at  109.00 ns
node           1 receives packet 1a0200600 from West input at   111.00 ns
node           2 receives packet 180000900 from North input at  111.00 ns
node           1 sends packet 1a0200600 from West to East at  113.00 ns
node           2 sends packet 0090000 from North to PE at  113.00 ns
node           1 receives packet 1a0600a00 from PE input at     114.00 ns
node           5 receives packet 198000980 from West input at   115.00 ns
node           1 sends packet 1a0600a00 from PE to East at  116.00 ns
node           2 receives packet 180400900 from North input at  116.00 ns
node           5 sends packet 198000980 from West to South at   117.00 ns
node           2 sends packet 0090020 from North to PE at  118.00 ns
node           2 receives packet 180200600 from West input at   119.00 ns
node           5 receives packet 198400680 from PE input at     120.00 ns
node           2 sends packet 0060040 from West to PE at  121.00 ns
node           0 receives packet 1e8200c80 from PE input at     121.00 ns
node           5 sends packet 198400680 from PE to South at  122.00 ns
node           2 receives packet 180600a00 from West input at   122.00 ns
node           0 sends packet 1e8200c80 from PE to East at  123.00 ns
node           2 sends packet 0050060 from West to PE at  126.00 ns
DB top_tb.db_content receives output data = 000000000000010010000000000000000 @ 127.00 ns
Timestep = 0, OutSpike = 0, PE Node = 0, Residue =      9
node           1 receives packet 1a8200c80 from West input at   129.00 ns
node           2 receives packet 188000980 from North input at  129.00 ns
node           1 sends packet 1a8200c80 from West to East at  131.00 ns
node           2 sends packet 0190001 from North to PE at  131.00 ns
node           1 receives packet 1a8600480 from PE input at     132.00 ns
DB top_tb.db_content receives output data = 000000000000010010000000000100000 @ 132.00 ns
Timestep = 0, OutSpike = 0, PE Node = 1, Residue =      9
node           1 sends packet 1a8600480 from PE to East at  134.00 ns
node           2 receives packet 188400680 from North input at  134.00 ns
DB top_tb.db_content receives output data = 000000000000001100000000001000000 @ 135.00 ns
Timestep = 0, OutSpike = 0, PE Node = 2, Residue =      6
node           2 sends packet 0160021 from North to PE at  136.00 ns
node           2 receives packet 188200c80 from West input at   137.00 ns
node           2 sends packet 0130041 from West to PE at  139.00 ns
node           2 receives packet 188600480 from West input at   140.00 ns
DB top_tb.db_content receives output data = 000000000000001010000000001100000 @ 140.00 ns
Timestep = 0, OutSpike = 0, PE Node = 3, Residue =      5
node           2 sends packet 0120061 from West to PE at  144.00 ns
DB top_tb.db_content receives output data = 000000000000110010000000000000001 @ 145.00 ns
Timestep = 1, OutSpike = 0, PE Node = 0, Residue =     25
DB top_tb.db_content receives output data = 000000000000101100000000000100001 @ 150.00 ns
Timestep = 1, OutSpike = 0, PE Node = 1, Residue =     22
DB top_tb.db_content receives output data = 000000000000100110000000001000001 @ 153.00 ns
Timestep = 1, OutSpike = 0, PE Node = 2, Residue =     19
DB top_tb.db_content receives output data = 000000000000100100000000001100001 @ 158.00 ns
Timestep = 1, OutSpike = 0, PE Node = 3, Residue =     18
###Deadlock Detected on top_tb.top.mesh.N2S[8] @    0.00 ns
###Deadlock Detected on top_tb.top.mesh.N2S[7] @    0.00 ns
###Deadlock Detected on top_tb.top.mesh.N2S[6] @    0.00 ns
###Deadlock Detected on top_tb.top.mesh.S2N[5] @    0.00 ns
###Deadlock Detected on top_tb.top.mesh.S2N[4] @    0.00 ns
###Deadlock Detected on top_tb.top.mesh.S2N[3] @    0.00 ns
###Deadlock Detected on top_tb.top.mesh.S2N[2] @    0.00 ns
###Deadlock Detected on top_tb.top.mesh.S2N[1] @    0.00 ns
###Deadlock Detected on top_tb.top.mesh.S2N[0] @    0.00 ns
###Deadlock Detected on top_tb.top.mesh.E2W[7] @    0.00 ns
###Deadlock Detected on top_tb.top.mesh.E2W[6] @    0.00 ns
###Deadlock Detected on top_tb.top.mesh.E2W[5] @    0.00 ns
###Deadlock Detected on top_tb.top.mesh.E2W[3] @    0.00 ns
###Deadlock Detected on top_tb.top.mesh.E2W[2] @    0.00 ns
###Deadlock Detected on top_tb.top.mesh.E2W[1] @    0.00 ns
###Deadlock Detected on top_tb.top.mesh.W2E[4] @    0.00 ns
###Deadlock Detected on top_tb.top.mesh.W2E[0] @    0.00 ns
###Deadlock Detected on top_tb.top.mesh.gen_row[0].gen_col[0].router_node.W2E @    0.00 ns
###Deadlock Detected on top_tb.top.mesh.gen_row[0].gen_col[0].router_node.W2N @    0.00 ns
###Deadlock Detected on top_tb.top.mesh.gen_row[0].gen_col[0].router_node.W2S @    0.00 ns
###Deadlock Detected on top_tb.top.mesh.gen_row[0].gen_col[0].router_node.W2PE @    0.00 ns
###Deadlock Detected on top_tb.top.mesh.gen_row[0].gen_col[0].router_node.E2W @    0.00 ns
###Deadlock Detected on top_tb.top.mesh.gen_row[0].gen_col[0].router_node.E2N @    0.00 ns
###Deadlock Detected on top_tb.top.mesh.gen_row[0].gen_col[0].router_node.E2S @    0.00 ns
###Deadlock Detected on top_tb.top.mesh.gen_row[0].gen_col[0].router_node.E2PE @    0.00 ns
###Deadlock Detected on top_tb.top.mesh.gen_row[0].gen_col[0].router_node.N2S @    0.00 ns
###Deadlock Detected on top_tb.top.mesh.gen_row[0].gen_col[0].router_node.S2N @    0.00 ns
###Deadlock Detected on top_tb.top.mesh.gen_row[0].gen_col[0].router_node.S2PE @    0.00 ns
###Deadlock Detected on top_tb.top.mesh.gen_row[0].gen_col[0].router_node.PE2W @    0.00 ns
###Deadlock Detected on top_tb.top.mesh.gen_row[0].gen_col[0].router_node.PE2N @    0.00 ns
###Deadlock Detected on top_tb.top.mesh.gen_row[0].gen_col[0].router_node.PE2S @    0.00 ns
###Deadlock Detected on top_tb.top.mesh.gen_row[0].gen_col[0].router_node.Wo_arb.winner @    0.00 ns
###Deadlock Detected on top_tb.top.mesh.gen_row[0].gen_col[0].router_node.No_arb.arb0_out @    0.00 ns
###Deadlock Detected on top_tb.top.mesh.gen_row[0].gen_col[0].router_node.No_arb.arb1_out @    0.00 ns
###Deadlock Detected on top_tb.top.mesh.gen_row[0].gen_col[0].router_node.No_arb.arb0.winner @    0.00 ns
###Deadlock Detected on top_tb.top.mesh.gen_row[0].gen_col[0].router_node.No_arb.arb1.winner @    0.00 ns
###Deadlock Detected on top_tb.top.mesh.gen_row[0].gen_col[0].router_node.No_arb.arb2.winner @    0.00 ns
###Deadlock Detected on top_tb.top.mesh.gen_row[0].gen_col[0].router_node.So_arb.arb0_out @    0.00 ns
###Deadlock Detected on top_tb.top.mesh.gen_row[0].gen_col[0].router_node.So_arb.arb1_out @    0.00 ns
###Deadlock Detected on top_tb.top.mesh.gen_row[0].gen_col[0].router_node.So_arb.arb0.winner @    0.00 ns
###Deadlock Detected on top_tb.top.mesh.gen_row[0].gen_col[0].router_node.So_arb.arb1.winner @    0.00 ns
###Deadlock Detected on top_tb.top.mesh.gen_row[0].gen_col[0].router_node.So_arb.arb2.winner @    0.00 ns
###Deadlock Detected on top_tb.top.mesh.gen_row[0].gen_col[0].router_node.PEo_arb.arb0_out @    0.00 ns
###Deadlock Detected on top_tb.top.mesh.gen_row[0].gen_col[0].router_node.PEo_arb.arb0.winner @    0.00 ns
###Deadlock Detected on top_tb.top.mesh.gen_row[0].gen_col[1].router_node.W2N @    0.00 ns
###Deadlock Detected on top_tb.top.mesh.gen_row[0].gen_col[1].router_node.W2S @    0.00 ns
###Deadlock Detected on top_tb.top.mesh.gen_row[0].gen_col[1].router_node.W2PE @    0.00 ns
###Deadlock Detected on top_tb.top.mesh.gen_row[0].gen_col[1].router_node.E2W @    0.00 ns
###Deadlock Detected on top_tb.top.mesh.gen_row[0].gen_col[1].router_node.E2N @    0.00 ns
###Deadlock Detected on top_tb.top.mesh.gen_row[0].gen_col[1].router_node.E2S @    0.00 ns
###Deadlock Detected on top_tb.top.mesh.gen_row[0].gen_col[1].router_node.E2PE @    0.00 ns
###Deadlock Detected on top_tb.top.mesh.gen_row[0].gen_col[1].router_node.N2S @    0.00 ns
###Deadlock Detected on top_tb.top.mesh.gen_row[0].gen_col[1].router_node.S2N @    0.00 ns
###Deadlock Detected on top_tb.top.mesh.gen_row[0].gen_col[1].router_node.S2PE @    0.00 ns
###Deadlock Detected on top_tb.top.mesh.gen_row[0].gen_col[1].router_node.PE2W @    0.00 ns
###Deadlock Detected on top_tb.top.mesh.gen_row[0].gen_col[1].router_node.PE2N @    0.00 ns
###Deadlock Detected on top_tb.top.mesh.gen_row[0].gen_col[1].router_node.PE2S @    0.00 ns
###Deadlock Detected on top_tb.top.mesh.gen_row[0].gen_col[1].router_node.Wo_arb.winner @    0.00 ns
###Deadlock Detected on top_tb.top.mesh.gen_row[0].gen_col[1].router_node.No_arb.arb0_out @    0.00 ns
###Deadlock Detected on top_tb.top.mesh.gen_row[0].gen_col[1].router_node.No_arb.arb1_out @    0.00 ns
###Deadlock Detected on top_tb.top.mesh.gen_row[0].gen_col[1].router_node.No_arb.arb0.winner @    0.00 ns
###Deadlock Detected on top_tb.top.mesh.gen_row[0].gen_col[1].router_node.No_arb.arb1.winner @    0.00 ns
###Deadlock Detected on top_tb.top.mesh.gen_row[0].gen_col[1].router_node.No_arb.arb2.winner @    0.00 ns
###Deadlock Detected on top_tb.top.mesh.gen_row[0].gen_col[1].router_node.So_arb.arb0_out @    0.00 ns
###Deadlock Detected on top_tb.top.mesh.gen_row[0].gen_col[1].router_node.So_arb.arb1_out @    0.00 ns
###Deadlock Detected on top_tb.top.mesh.gen_row[0].gen_col[1].router_node.So_arb.arb0.winner @    0.00 ns
###Deadlock Detected on top_tb.top.mesh.gen_row[0].gen_col[1].router_node.So_arb.arb1.winner @    0.00 ns
###Deadlock Detected on top_tb.top.mesh.gen_row[0].gen_col[1].router_node.So_arb.arb2.winner @    0.00 ns
###Deadlock Detected on top_tb.top.mesh.gen_row[0].gen_col[1].router_node.PEo_arb.arb0_out @    0.00 ns
###Deadlock Detected on top_tb.top.mesh.gen_row[0].gen_col[1].router_node.PEo_arb.arb0.winner @    0.00 ns
###Deadlock Detected on top_tb.top.mesh.gen_row[0].gen_col[2].router_node.W2E @    0.00 ns
###Deadlock Detected on top_tb.top.mesh.gen_row[0].gen_col[2].router_node.W2N @    0.00 ns
###Deadlock Detected on top_tb.top.mesh.gen_row[0].gen_col[2].router_node.W2S @    0.00 ns
###Deadlock Detected on top_tb.top.mesh.gen_row[0].gen_col[2].router_node.E2W @    0.00 ns
###Deadlock Detected on top_tb.top.mesh.gen_row[0].gen_col[2].router_node.E2N @    0.00 ns
###Deadlock Detected on top_tb.top.mesh.gen_row[0].gen_col[2].router_node.E2S @    0.00 ns
###Deadlock Detected on top_tb.top.mesh.gen_row[0].gen_col[2].router_node.E2PE @    0.00 ns
###Deadlock Detected on top_tb.top.mesh.gen_row[0].gen_col[2].router_node.N2S @    0.00 ns
###Deadlock Detected on top_tb.top.mesh.gen_row[0].gen_col[2].router_node.S2N @    0.00 ns
###Deadlock Detected on top_tb.top.mesh.gen_row[0].gen_col[2].router_node.S2PE @    0.00 ns
###Deadlock Detected on top_tb.top.mesh.gen_row[0].gen_col[2].router_node.PE2E @    0.00 ns
###Deadlock Detected on top_tb.top.mesh.gen_row[0].gen_col[2].router_node.PE2W @    0.00 ns
###Deadlock Detected on top_tb.top.mesh.gen_row[0].gen_col[2].router_node.PE2N @    0.00 ns
###Deadlock Detected on top_tb.top.mesh.gen_row[0].gen_col[2].router_node.PE2S @    0.00 ns
###Deadlock Detected on top_tb.top.mesh.gen_row[0].gen_col[2].router_node.Wo_arb.winner @    0.00 ns
###Deadlock Detected on top_tb.top.mesh.gen_row[0].gen_col[2].router_node.Eo_arb.winner @    0.00 ns
###Deadlock Detected on top_tb.top.mesh.gen_row[0].gen_col[2].router_node.No_arb.arb0_out @    0.00 ns
###Deadlock Detected on top_tb.top.mesh.gen_row[0].gen_col[2].router_node.No_arb.arb1_out @    0.00 ns
###Deadlock Detected on top_tb.top.mesh.gen_row[0].gen_col[2].router_node.No_arb.arb0.winner @    0.00 ns
###Deadlock Detected on top_tb.top.mesh.gen_row[0].gen_col[2].router_node.No_arb.arb1.winner @    0.00 ns
###Deadlock Detected on top_tb.top.mesh.gen_row[0].gen_col[2].router_node.No_arb.arb2.winner @    0.00 ns
###Deadlock Detected on top_tb.top.mesh.gen_row[0].gen_col[2].router_node.So_arb.arb0_out @    0.00 ns
###Deadlock Detected on top_tb.top.mesh.gen_row[0].gen_col[2].router_node.So_arb.arb1_out @    0.00 ns
###Deadlock Detected on top_tb.top.mesh.gen_row[0].gen_col[2].router_node.So_arb.arb0.winner @    0.00 ns
###Deadlock Detected on top_tb.top.mesh.gen_row[0].gen_col[2].router_node.So_arb.arb1.winner @    0.00 ns
###Deadlock Detected on top_tb.top.mesh.gen_row[0].gen_col[2].router_node.So_arb.arb2.winner @    0.00 ns
###Deadlock Detected on top_tb.top.mesh.gen_row[1].gen_col[0].router_node.W2E @    0.00 ns
###Deadlock Detected on top_tb.top.mesh.gen_row[1].gen_col[0].router_node.W2N @    0.00 ns
###Deadlock Detected on top_tb.top.mesh.gen_row[1].gen_col[0].router_node.W2S @    0.00 ns
###Deadlock Detected on top_tb.top.mesh.gen_row[1].gen_col[0].router_node.W2PE @    0.00 ns
###Deadlock Detected on top_tb.top.mesh.gen_row[1].gen_col[0].router_node.E2W @    0.00 ns
###Deadlock Detected on top_tb.top.mesh.gen_row[1].gen_col[0].router_node.E2N @    0.00 ns
###Deadlock Detected on top_tb.top.mesh.gen_row[1].gen_col[0].router_node.E2S @    0.00 ns
###Deadlock Detected on top_tb.top.mesh.gen_row[1].gen_col[0].router_node.E2PE @    0.00 ns
###Deadlock Detected on top_tb.top.mesh.gen_row[1].gen_col[0].router_node.N2S @    0.00 ns
###Deadlock Detected on top_tb.top.mesh.gen_row[1].gen_col[0].router_node.N2PE @    0.00 ns
###Deadlock Detected on top_tb.top.mesh.gen_row[1].gen_col[0].router_node.S2N @    0.00 ns
###Deadlock Detected on top_tb.top.mesh.gen_row[1].gen_col[0].router_node.S2PE @    0.00 ns
###Deadlock Detected on top_tb.top.mesh.gen_row[1].gen_col[0].router_node.PE2W @    0.00 ns
###Deadlock Detected on top_tb.top.mesh.gen_row[1].gen_col[0].router_node.PE2N @    0.00 ns
###Deadlock Detected on top_tb.top.mesh.gen_row[1].gen_col[0].router_node.Wo_arb.winner @    0.00 ns
###Deadlock Detected on top_tb.top.mesh.gen_row[1].gen_col[0].router_node.No_arb.arb0_out @    0.00 ns
###Deadlock Detected on top_tb.top.mesh.gen_row[1].gen_col[0].router_node.No_arb.arb1_out @    0.00 ns
###Deadlock Detected on top_tb.top.mesh.gen_row[1].gen_col[0].router_node.No_arb.arb0.winner @    0.00 ns
###Deadlock Detected on top_tb.top.mesh.gen_row[1].gen_col[0].router_node.No_arb.arb1.winner @    0.00 ns
###Deadlock Detected on top_tb.top.mesh.gen_row[1].gen_col[0].router_node.No_arb.arb2.winner @    0.00 ns
###Deadlock Detected on top_tb.top.mesh.gen_row[1].gen_col[0].router_node.So_arb.arb0_out @    0.00 ns
###Deadlock Detected on top_tb.top.mesh.gen_row[1].gen_col[0].router_node.So_arb.arb0.winner @    0.00 ns
###Deadlock Detected on top_tb.top.mesh.gen_row[1].gen_col[0].router_node.PEo_arb.arb0_out @    0.00 ns
###Deadlock Detected on top_tb.top.mesh.gen_row[1].gen_col[0].router_node.PEo_arb.arb1_out @    0.00 ns
###Deadlock Detected on top_tb.top.mesh.gen_row[1].gen_col[0].router_node.PEo_arb.arb0.winner @    0.00 ns
###Deadlock Detected on top_tb.top.mesh.gen_row[1].gen_col[0].router_node.PEo_arb.arb1.winner @    0.00 ns
###Deadlock Detected on top_tb.top.mesh.gen_row[1].gen_col[0].router_node.PEo_arb.arb2.winner @    0.00 ns
###Deadlock Detected on top_tb.top.mesh.gen_row[1].gen_col[1].router_node.W2N @    0.00 ns
###Deadlock Detected on top_tb.top.mesh.gen_row[1].gen_col[1].router_node.E2W @    0.00 ns
###Deadlock Detected on top_tb.top.mesh.gen_row[1].gen_col[1].router_node.E2N @    0.00 ns
###Deadlock Detected on top_tb.top.mesh.gen_row[1].gen_col[1].router_node.E2S @    0.00 ns
###Deadlock Detected on top_tb.top.mesh.gen_row[1].gen_col[1].router_node.E2PE @    0.00 ns
###Deadlock Detected on top_tb.top.mesh.gen_row[1].gen_col[1].router_node.N2S @    0.00 ns
###Deadlock Detected on top_tb.top.mesh.gen_row[1].gen_col[1].router_node.N2PE @    0.00 ns
###Deadlock Detected on top_tb.top.mesh.gen_row[1].gen_col[1].router_node.S2N @    0.00 ns
###Deadlock Detected on top_tb.top.mesh.gen_row[1].gen_col[1].router_node.S2PE @    0.00 ns
###Deadlock Detected on top_tb.top.mesh.gen_row[1].gen_col[1].router_node.PE2W @    0.00 ns
###Deadlock Detected on top_tb.top.mesh.gen_row[1].gen_col[1].router_node.PE2N @    0.00 ns
###Deadlock Detected on top_tb.top.mesh.gen_row[1].gen_col[1].router_node.PE2S @    0.00 ns
###Deadlock Detected on top_tb.top.mesh.gen_row[1].gen_col[1].router_node.Wo_arb.winner @    0.00 ns
###Deadlock Detected on top_tb.top.mesh.gen_row[1].gen_col[1].router_node.No_arb.arb0_out @    0.00 ns
###Deadlock Detected on top_tb.top.mesh.gen_row[1].gen_col[1].router_node.No_arb.arb1_out @    0.00 ns
###Deadlock Detected on top_tb.top.mesh.gen_row[1].gen_col[1].router_node.No_arb.arb0.winner @    0.00 ns
###Deadlock Detected on top_tb.top.mesh.gen_row[1].gen_col[1].router_node.No_arb.arb1.winner @    0.00 ns
###Deadlock Detected on top_tb.top.mesh.gen_row[1].gen_col[1].router_node.No_arb.arb2.winner @    0.00 ns
###Deadlock Detected on top_tb.top.mesh.gen_row[1].gen_col[1].router_node.So_arb.arb1_out @    0.00 ns
###Deadlock Detected on top_tb.top.mesh.gen_row[1].gen_col[1].router_node.So_arb.arb1.winner @    0.00 ns
###Deadlock Detected on top_tb.top.mesh.gen_row[1].gen_col[1].router_node.PEo_arb.arb1_out @    0.00 ns
###Deadlock Detected on top_tb.top.mesh.gen_row[1].gen_col[1].router_node.PEo_arb.arb1.winner @    0.00 ns
###Deadlock Detected on top_tb.top.mesh.gen_row[1].gen_col[2].router_node.W2E @    0.00 ns
###Deadlock Detected on top_tb.top.mesh.gen_row[1].gen_col[2].router_node.W2N @    0.00 ns
###Deadlock Detected on top_tb.top.mesh.gen_row[1].gen_col[2].router_node.E2W @    0.00 ns
###Deadlock Detected on top_tb.top.mesh.gen_row[1].gen_col[2].router_node.E2N @    0.00 ns
###Deadlock Detected on top_tb.top.mesh.gen_row[1].gen_col[2].router_node.E2S @    0.00 ns
###Deadlock Detected on top_tb.top.mesh.gen_row[1].gen_col[2].router_node.E2PE @    0.00 ns
###Deadlock Detected on top_tb.top.mesh.gen_row[1].gen_col[2].router_node.N2S @    0.00 ns
###Deadlock Detected on top_tb.top.mesh.gen_row[1].gen_col[2].router_node.N2PE @    0.00 ns
###Deadlock Detected on top_tb.top.mesh.gen_row[1].gen_col[2].router_node.S2N @    0.00 ns
###Deadlock Detected on top_tb.top.mesh.gen_row[1].gen_col[2].router_node.S2PE @    0.00 ns
###Deadlock Detected on top_tb.top.mesh.gen_row[1].gen_col[2].router_node.PE2E @    0.00 ns
###Deadlock Detected on top_tb.top.mesh.gen_row[1].gen_col[2].router_node.PE2W @    0.00 ns
###Deadlock Detected on top_tb.top.mesh.gen_row[1].gen_col[2].router_node.PE2N @    0.00 ns
###Deadlock Detected on top_tb.top.mesh.gen_row[1].gen_col[2].router_node.Wo_arb.winner @    0.00 ns
###Deadlock Detected on top_tb.top.mesh.gen_row[1].gen_col[2].router_node.Eo_arb.winner @    0.00 ns
###Deadlock Detected on top_tb.top.mesh.gen_row[1].gen_col[2].router_node.No_arb.arb0_out @    0.00 ns
###Deadlock Detected on top_tb.top.mesh.gen_row[1].gen_col[2].router_node.No_arb.arb1_out @    0.00 ns
###Deadlock Detected on top_tb.top.mesh.gen_row[1].gen_col[2].router_node.No_arb.arb0.winner @    0.00 ns
###Deadlock Detected on top_tb.top.mesh.gen_row[1].gen_col[2].router_node.No_arb.arb1.winner @    0.00 ns
###Deadlock Detected on top_tb.top.mesh.gen_row[1].gen_col[2].router_node.No_arb.arb2.winner @    0.00 ns
###Deadlock Detected on top_tb.top.mesh.gen_row[1].gen_col[2].router_node.PEo_arb.arb1_out @    0.00 ns
###Deadlock Detected on top_tb.top.mesh.gen_row[1].gen_col[2].router_node.PEo_arb.arb1.winner @    0.00 ns
###Deadlock Detected on top_tb.top.PEi[2] @    0.00 ns
###Deadlock Detected on top_tb.Packet_in @   78.00 ns
###Deadlock Detected on top_tb.top.PEi[3] @   80.00 ns
###Deadlock Detected on top_tb.top.mesh.gen_row[1].gen_col[0].router_node.PE2S @   81.00 ns
###Deadlock Detected on top_tb.top.mesh.gen_row[1].gen_col[1].router_node.W2PE @   81.00 ns
###Deadlock Detected on top_tb.top.mesh.gen_row[1].gen_col[0].router_node.So_arb.arb1.winner @   83.00 ns
###Deadlock Detected on top_tb.top.mesh.gen_row[1].gen_col[1].router_node.PEo_arb.arb0.winner @   83.00 ns
###Deadlock Detected on top_tb.top.mesh.gen_row[1].gen_col[0].router_node.PE2E @   84.00 ns
###Deadlock Detected on top_tb.top.mesh.gen_row[1].gen_col[0].router_node.Eo_arb.winner @   86.00 ns
###Deadlock Detected on top_tb.top.mesh.gen_row[1].gen_col[1].router_node.W2E @   86.00 ns
###Deadlock Detected on top_tb.top.mesh.gen_row[1].gen_col[0].router_node.So_arb.arb1_out @   87.00 ns
###Deadlock Detected on top_tb.top.mesh.gen_row[1].gen_col[1].router_node.PEo_arb.arb0_out @   87.00 ns
###Deadlock Detected on top_tb.top.mesh.W2E[5] @   88.00 ns
###Deadlock Detected on top_tb.top.mesh.gen_row[1].gen_col[0].router_node.So_arb.arb2.winner @   89.00 ns
###Deadlock Detected on top_tb.top.mesh.gen_row[1].gen_col[1].router_node.PEo_arb.arb2.winner @   89.00 ns
###Deadlock Detected on top_tb.top.mesh.N2S[3] @   91.00 ns
###Deadlock Detected on top_tb.top.PEo[4] @   91.00 ns
###Deadlock Detected on top_tb.top.mesh.gen_row[1].gen_col[1].router_node.W2S @   92.00 ns
###Deadlock Detected on top_tb.top.pe0.Ifmapb_filter @   92.00 ns
###Deadlock Detected on top_tb.top.pe0.Filter_row @   92.00 ns
###Deadlock Detected on top_tb.top.pe0.Data @   92.00 ns
###Deadlock Detected on top_tb.top.pe0.Timestep @   93.00 ns
###Deadlock Detected on top_tb.top.mesh.gen_row[1].gen_col[1].router_node.So_arb.arb0.winner @   94.00 ns
###Deadlock Detected on top_tb.top.mesh.gen_row[1].gen_col[2].router_node.W2PE @   94.00 ns
###Deadlock Detected on top_tb.top.mesh.gen_row[0].gen_col[0].router_node.N2PE @   95.00 ns
###Deadlock Detected on top_tb.top.pe0.Ifmap_data @   95.00 ns
###Deadlock Detected on top_tb.top.mesh.gen_row[1].gen_col[2].router_node.PEo_arb.arb0.winner @   96.00 ns
###Deadlock Detected on top_tb.top.mesh.gen_row[0].gen_col[0].router_node.PEo_arb.arb1.winner @   97.00 ns
###Deadlock Detected on top_tb.top.mesh.gen_row[1].gen_col[1].router_node.So_arb.arb0_out @   98.00 ns
###Deadlock Detected on top_tb.top.pe0.Timestep_copy0 @   98.00 ns
###Deadlock Detected on top_tb.top.pe0.Filter_row1_data_copy0 @   98.00 ns
###Deadlock Detected on top_tb.top.pe0.Filter_row2_data_copy0 @   98.00 ns
###Deadlock Detected on top_tb.top.pe0.Filter_row3_data_copy0 @   98.00 ns
###Deadlock Detected on top_tb.top.pe0.Mac_out @   98.00 ns
###Deadlock Detected on top_tb.top.mesh.gen_row[1].gen_col[1].router_node.So_arb.arb2.winner @  100.00 ns
###Deadlock Detected on top_tb.top.mesh.gen_row[1].gen_col[2].router_node.PEo_arb.arb0_out @  100.00 ns
###Deadlock Detected on top_tb.top.pe0.Filter_row1_data_reg @  100.00 ns
###Deadlock Detected on top_tb.top.pe0.Filter_row2_data_reg @  100.00 ns
###Deadlock Detected on top_tb.top.pe0.Filter_row3_data_reg @  100.00 ns
###Deadlock Detected on top_tb.top.pe0.Mac_out_timestep2 @  100.00 ns
###Deadlock Detected on top_tb.top.pe0.Residue_copy1 @  100.00 ns
###Deadlock Detected on top_tb.top.mesh.gen_row[0].gen_col[0].router_node.PEo_arb.arb1_out @  101.00 ns
###Deadlock Detected on top_tb.top.mesh.N2S[4] @  102.00 ns
###Deadlock Detected on top_tb.top.mesh.gen_row[1].gen_col[2].router_node.PEo_arb.arb2.winner @  102.00 ns
###Deadlock Detected on top_tb.top.pe0.Timestep_copy1 @  102.00 ns
###Deadlock Detected on top_tb.top.mesh.gen_row[0].gen_col[0].router_node.PEo_arb.arb2.winner @  103.00 ns
###Deadlock Detected on top_tb.top.pe0.Merge_out @  104.00 ns
###Deadlock Detected on top_tb.top.PEo[5] @  104.00 ns
###Deadlock Detected on top_tb.top.pe1.Ifmapb_filter @  105.00 ns
###Deadlock Detected on top_tb.top.pe1.Filter_row @  105.00 ns
###Deadlock Detected on top_tb.top.pe1.Data @  105.00 ns
###Deadlock Detected on top_tb.top.PEo[0] @  105.00 ns
###Deadlock Detected on top_tb.top.mesh.gen_row[0].gen_col[1].router_node.N2PE @  106.00 ns
###Deadlock Detected on top_tb.top.pe0.Timestep_copy2 @  106.00 ns
###Deadlock Detected on top_tb.top.pe0.Residue @  106.00 ns
###Deadlock Detected on top_tb.top.pe1.Timestep @  106.00 ns
###Deadlock Detected on top_tb.top.pe2.Ifmapb_filter @  106.00 ns
###Deadlock Detected on top_tb.top.pe2.Filter_row @  106.00 ns
###Deadlock Detected on top_tb.top.pe2.Data @  106.00 ns
###Deadlock Detected on top_tb.top.pe2.Timestep @  107.00 ns
###Deadlock Detected on top_tb.top.mesh.gen_row[0].gen_col[1].router_node.PEo_arb.arb1.winner @  108.00 ns
###Deadlock Detected on top_tb.top.pe0.Timestep_copy3 @  108.00 ns
###Deadlock Detected on top_tb.top.pe0.OutSpike @  108.00 ns
###Deadlock Detected on top_tb.top.pe0.Residue_copy0 @  108.00 ns
###Deadlock Detected on top_tb.top.pe1.Ifmap_data @  108.00 ns
###Deadlock Detected on top_tb.top.pe2.Ifmap_data @  109.00 ns
###Deadlock Detected on top_tb.top.PEi[4] @  110.00 ns
###Deadlock Detected on top_tb.top.pe1.Timestep_copy0 @  111.00 ns
###Deadlock Detected on top_tb.top.pe1.Filter_row1_data_copy0 @  111.00 ns
###Deadlock Detected on top_tb.top.pe1.Filter_row2_data_copy0 @  111.00 ns
###Deadlock Detected on top_tb.top.pe1.Filter_row3_data_copy0 @  111.00 ns
###Deadlock Detected on top_tb.top.pe1.Mac_out @  111.00 ns
###Deadlock Detected on top_tb.top.mesh.gen_row[0].gen_col[1].router_node.PEo_arb.arb1_out @  112.00 ns
###Deadlock Detected on top_tb.top.pe2.Timestep_copy0 @  112.00 ns
###Deadlock Detected on top_tb.top.pe2.Filter_row1_data_copy0 @  112.00 ns
###Deadlock Detected on top_tb.top.pe2.Filter_row2_data_copy0 @  112.00 ns
###Deadlock Detected on top_tb.top.pe2.Filter_row3_data_copy0 @  112.00 ns
###Deadlock Detected on top_tb.top.pe2.Mac_out @  112.00 ns
###Deadlock Detected on top_tb.top.pe1.Filter_row1_data_reg @  113.00 ns
###Deadlock Detected on top_tb.top.pe1.Filter_row2_data_reg @  113.00 ns
###Deadlock Detected on top_tb.top.pe1.Filter_row3_data_reg @  113.00 ns
###Deadlock Detected on top_tb.top.pe1.Mac_out_timestep2 @  113.00 ns
###Deadlock Detected on top_tb.top.pe1.Residue_copy1 @  113.00 ns
###Deadlock Detected on top_tb.top.mesh.gen_row[0].gen_col[1].router_node.PEo_arb.arb2.winner @  114.00 ns
###Deadlock Detected on top_tb.top.mesh.gen_row[1].gen_col[1].router_node.PE2E @  114.00 ns
###Deadlock Detected on top_tb.top.pe2.Filter_row1_data_reg @  114.00 ns
###Deadlock Detected on top_tb.top.pe2.Filter_row2_data_reg @  114.00 ns
###Deadlock Detected on top_tb.top.pe2.Filter_row3_data_reg @  114.00 ns
###Deadlock Detected on top_tb.top.pe2.Mac_out_timestep2 @  114.00 ns
###Deadlock Detected on top_tb.top.pe2.Residue_copy1 @  114.00 ns
###Deadlock Detected on top_tb.top.pe1.Timestep_copy1 @  115.00 ns
###Deadlock Detected on top_tb.top.mesh.gen_row[1].gen_col[1].router_node.Eo_arb.winner @  116.00 ns
###Deadlock Detected on top_tb.top.pe2.Timestep_copy1 @  116.00 ns
###Deadlock Detected on top_tb.top.PEo[1] @  116.00 ns
###Deadlock Detected on top_tb.top.pe1.Merge_out @  117.00 ns
###Deadlock Detected on top_tb.top.pe3.Ifmapb_filter @  117.00 ns
###Deadlock Detected on top_tb.top.pe3.Filter_row @  117.00 ns
###Deadlock Detected on top_tb.top.pe3.Data @  117.00 ns
###Deadlock Detected on top_tb.top.mesh.W2E[6] @  118.00 ns
###Deadlock Detected on top_tb.top.pe2.Merge_out @  118.00 ns
###Deadlock Detected on top_tb.top.pe3.Timestep @  118.00 ns
###Deadlock Detected on top_tb.top.pe1.Timestep_copy2 @  119.00 ns
###Deadlock Detected on top_tb.top.pe1.Residue @  119.00 ns
###Deadlock Detected on top_tb.top.pe2.Timestep_copy2 @  120.00 ns
###Deadlock Detected on top_tb.top.pe2.Residue @  120.00 ns
###Deadlock Detected on top_tb.top.pe3.Ifmap_data @  120.00 ns
###Deadlock Detected on top_tb.top.pe1.Timestep_copy3 @  121.00 ns
###Deadlock Detected on top_tb.top.pe1.OutSpike @  121.00 ns
###Deadlock Detected on top_tb.top.pe1.Residue_copy0 @  121.00 ns
###Deadlock Detected on top_tb.top.mesh.gen_row[1].gen_col[2].router_node.W2S @  122.00 ns
###Deadlock Detected on top_tb.top.pe2.Timestep_copy3 @  122.00 ns
###Deadlock Detected on top_tb.top.pe2.OutSpike @  122.00 ns
###Deadlock Detected on top_tb.top.pe2.Residue_copy0 @  122.00 ns
###Deadlock Detected on top_tb.top.pe3.Timestep_copy0 @  123.00 ns
###Deadlock Detected on top_tb.top.pe3.Filter_row1_data_copy0 @  123.00 ns
###Deadlock Detected on top_tb.top.pe3.Filter_row2_data_copy0 @  123.00 ns
###Deadlock Detected on top_tb.top.pe3.Filter_row3_data_copy0 @  123.00 ns
###Deadlock Detected on top_tb.top.pe3.Mac_out @  123.00 ns
###Deadlock Detected on top_tb.top.PEi[5] @  123.00 ns
###Deadlock Detected on top_tb.top.mesh.gen_row[1].gen_col[2].router_node.So_arb.arb0.winner @  124.00 ns
###Deadlock Detected on top_tb.top.PEi[0] @  124.00 ns
###Deadlock Detected on top_tb.top.pe3.Filter_row1_data_reg @  125.00 ns
###Deadlock Detected on top_tb.top.pe3.Filter_row2_data_reg @  125.00 ns
###Deadlock Detected on top_tb.top.pe3.Filter_row3_data_reg @  125.00 ns
###Deadlock Detected on top_tb.top.pe3.Mac_out_timestep2 @  125.00 ns
###Deadlock Detected on top_tb.top.pe3.Residue_copy1 @  125.00 ns
###Deadlock Detected on top_tb.top.mesh.gen_row[1].gen_col[2].router_node.PE2S @  127.00 ns
###Deadlock Detected on top_tb.top.pe3.Timestep_copy1 @  127.00 ns
###Deadlock Detected on top_tb.top.mesh.gen_row[0].gen_col[0].router_node.PE2E @  128.00 ns
###Deadlock Detected on top_tb.top.mesh.gen_row[1].gen_col[2].router_node.So_arb.arb0_out @  128.00 ns
###Deadlock Detected on top_tb.top.mesh.gen_row[1].gen_col[2].router_node.So_arb.arb1.winner @  129.00 ns
###Deadlock Detected on top_tb.top.pe3.Merge_out @  129.00 ns
###Deadlock Detected on top_tb.top.mesh.gen_row[0].gen_col[0].router_node.Eo_arb.winner @  130.00 ns
###Deadlock Detected on top_tb.top.pe3.Timestep_copy2 @  131.00 ns
###Deadlock Detected on top_tb.top.pe3.Residue @  131.00 ns
###Deadlock Detected on top_tb.top.mesh.W2E[1] @  132.00 ns
###Deadlock Detected on top_tb.top.mesh.gen_row[1].gen_col[2].router_node.So_arb.arb1_out @  133.00 ns
###Deadlock Detected on top_tb.top.pe3.Timestep_copy3 @  133.00 ns
###Deadlock Detected on top_tb.top.pe3.OutSpike @  133.00 ns
###Deadlock Detected on top_tb.top.pe3.Residue_copy0 @  133.00 ns
###Deadlock Detected on top_tb.top.mesh.gen_row[1].gen_col[2].router_node.So_arb.arb2.winner @  135.00 ns
###Deadlock Detected on top_tb.top.PEi[1] @  135.00 ns
###Deadlock Detected on top_tb.top.mesh.gen_row[0].gen_col[1].router_node.W2E @  136.00 ns
###Deadlock Detected on top_tb.top.mesh.N2S[5] @  137.00 ns
###Deadlock Detected on top_tb.top.mesh.gen_row[0].gen_col[1].router_node.PE2E @  139.00 ns
###Deadlock Detected on top_tb.top.mesh.gen_row[0].gen_col[1].router_node.Eo_arb.winner @  141.00 ns
###Deadlock Detected on top_tb.top.mesh.gen_row[0].gen_col[2].router_node.N2PE @  141.00 ns
###Deadlock Detected on top_tb.top.mesh.gen_row[0].gen_col[2].router_node.PEo_arb.arb1.winner @  143.00 ns
###Deadlock Detected on top_tb.top.mesh.W2E[2] @  145.00 ns
###Deadlock Detected on top_tb.top.mesh.gen_row[0].gen_col[2].router_node.PEo_arb.arb1_out @  147.00 ns
###Deadlock Detected on top_tb.top.mesh.gen_row[0].gen_col[2].router_node.W2PE @  149.00 ns
###Deadlock Detected on top_tb.top.mesh.gen_row[0].gen_col[2].router_node.PEo_arb.arb0.winner @  151.00 ns
###Deadlock Detected on top_tb.top.mesh.gen_row[0].gen_col[2].router_node.PEo_arb.arb0_out @  155.00 ns
###Deadlock Detected on top_tb.top.mesh.gen_row[0].gen_col[2].router_node.PEo_arb.arb2.winner @  157.00 ns
###Deadlock Detected on top_tb.Packet_out @  158.00 ns
###Deadlock Detected on top_tb.top.PEo[2] @  159.00 ns
$finish called from file "./top_tb.sv", line 206.
$finish at simulation time  500.00 ns
           V C S   S i m u l a t i o n   R e p o r t 
Time: 500000000 fs
CPU Time:      0.420 seconds;       Data structure size:   1.3Mb
Mon Apr 21 01:57:36 2025
CPU time: .781 seconds to compile + .531 seconds to elab + .390 seconds to link + .698 seconds in simulation
