node          14 receives packet 11001000010000000000010000000000000000010000000000000 from West input at   53.00 ns
node          14 sends packet 11001000010000000000010000000000000000010000000000000 from West to East at   55.00 ns
node          14 receives packet 11000000010000000000010000000000000000010000000000000 from West input at   59.00 ns
node          14 sends packet 000000000000010000000000000000010000000000010 from West to PE at   61.00 ns
node          14 receives packet 11000001010000000000010000000000000000010000000000000 from West input at   83.00 ns
node          14 sends packet 11000001010000000000010000000000000000010000000000000 from West to South at   85.00 ns
node          14 receives packet 11001001010000000000010000000000000000010000000000000 from West input at   95.00 ns
node          14 sends packet 11001001010000000000010000000000000000010000000000000 from West to East at   97.00 ns
node          14 receives packet 11000011010000000000010000000000000000010000000000000 from West input at  101.00 ns
node          14 sends packet 11000011010000000000010000000000000000010000000000000 from West to South at  103.00 ns
node          14 receives packet 11000000011001000000000000000000000000010000000000000 from West input at  107.00 ns
node          14 sends packet 000000000000010000000000000000000000000100110 from West to PE at  109.00 ns
node          14 receives packet 11001011010000000000010000000000000000010000000000000 from West input at  125.00 ns
node          14 sends packet 11001011010000000000010000000000000000010000000000000 from West to East at  127.00 ns
node          14 receives packet 11001000011001000000000000000000000000010000000000000 from West input at  131.00 ns
node          14 sends packet 11001000011001000000000000000000000000010000000000000 from West to East at  133.00 ns
node          14 receives packet 11000111010000000000010000000000000000010000000000000 from West input at  137.00 ns
node          14 sends packet 11000111010000000000010000000000000000010000000000000 from West to South at  139.00 ns
node          14 receives packet 11000000010101010000001000000100000001100000000000000 from West input at  155.00 ns
node          14 sends packet 000000000000001100000001000000100000010101010 from West to PE at  157.00 ns
node          14 receives packet 11001000010101010000001000000100000001100000000000000 from West input at  179.00 ns
node          14 sends packet 11001000010101010000001000000100000001100000000000000 from West to East at  181.00 ns
node          14 receives packet 11001001011001000000000000000000000000010000000000000 from West input at  191.00 ns
node          14 sends packet 11001001011001000000000000000000000000010000000000000 from West to East at  193.00 ns
node          14 receives packet 11000000011101000000000100000001000001000000000000000 from West input at  203.00 ns
node          14 sends packet 000000000000000100000100000001000000000101110 from West to PE at  205.00 ns
node          14 receives packet 11000001011001000000000000000000000000010000000000000 from West input at  215.00 ns
node          14 sends packet 11000001011001000000000000000000000000010000000000000 from West to South at  217.00 ns
node          14 receives packet 11001011011001000000000000000000000000010000000000000 from West input at  221.00 ns
node          14 sends packet 11001011011001000000000000000000000000010000000000000 from West to East at  223.00 ns
node          14 receives packet 11001000011101000000000100000001000001000000000000000 from West input at  227.00 ns
node          14 sends packet 11001000011101000000000100000001000001000000000000000 from West to East at  229.00 ns
node          14 receives packet 11000111011001000000000000000000000000010000000000000 from West input at  233.00 ns
node          14 sends packet 11000111011001000000000000000000000000010000000000000 from West to South at  235.00 ns
node          14 receives packet 11001001010101010000001000000100000001100000000000000 from West input at  239.00 ns
node          14 sends packet 11001001010101010000001000000100000001100000000000000 from West to East at  241.00 ns
node          14 receives packet 11000011011001000000000000000000000000010000000000000 from West input at  245.00 ns
node          14 sends packet 11000011011001000000000000000000000000010000000000000 from West to South at  247.00 ns
node          14 receives packet 11000000000000100000001000001110111001100000000000000 from West input at  251.00 ns
node          14 sends packet 000000000000001100111011100000100000001000000 from West to PE at  253.00 ns
node          14 receives packet 11000001010101010000001000000100000001100000000000000 from West input at  263.00 ns
node          14 sends packet 11000001010101010000001000000100000001100000000000000 from West to South at  265.00 ns
node          14 receives packet 11001011010101010000001000000100000001100000000000000 from West input at  269.00 ns
node          14 sends packet 11001011010101010000001000000100000001100000000000000 from West to East at  271.00 ns
node          14 receives packet 11000000100000100000001000001100111011110010000000000 from West input at  275.00 ns
node          14 sends packet 000000000010011110111001100000100000001000001 from West to PE at  277.00 ns
node          14 receives packet 11001111000111100010000000000000001000000000000000000 from PE input at  283.00 ns
node          14 sends packet 11001111000111100010000000000000001000000000000000000 from PE to East at  285.00 ns
node          14 receives packet 11001000000000110000001000000111111110111000000000000 from West input at  299.00 ns
node          14 sends packet 11001000000000110000001000000111111110111000000000000 from West to East at  301.00 ns
node          14 receives packet 11001111100111110001000000000000001000000000000000000 from PE input at  309.00 ns
node          14 sends packet 11001111100111110001000000000000001000000000000000000 from PE to East at  311.00 ns
node          14 receives packet 00011000001110000000000000000000000000000000000000000 from PE input at  312.00 ns
node          14 sends packet 00011000001110000000000000000000000000000000000000000 from PE to West at  314.00 ns
node          14 receives packet 11001000100000110000001000000110111101110001000000000 from West input at  323.00 ns
node          14 sends packet 11001000100000110000001000000110111101110001000000000 from West to East at  325.00 ns
node          14 receives packet 11000111010101010000001000000100000001100000000000000 from West input at  329.00 ns
node          14 sends packet 11000111010101010000001000000100000001100000000000000 from West to South at  331.00 ns
node          14 receives packet 11001001011101000000000100000001000001000000000000000 from West input at  335.00 ns
node          14 sends packet 11001001011101000000000100000001000001000000000000000 from West to East at  337.00 ns
node          14 receives packet 11000011010101010000001000000100000001100000000000000 from West input at  341.00 ns
node          14 sends packet 11000011010101010000001000000100000001100000000000000 from West to South at  343.00 ns
node          14 receives packet 11000001011101000000000100000001000001000000000000000 from West input at  347.00 ns
node          14 sends packet 11000001011101000000000100000001000001000000000000000 from West to South at  349.00 ns
node          14 receives packet 11001011011101000000000100000001000001000000000000000 from West input at  365.00 ns
node          14 sends packet 11001011011101000000000100000001000001000000000000000 from West to East at  367.00 ns
node          14 receives packet 00011000011110000000000000000000000000000000000000000 from East input at  376.00 ns
node          14 sends packet 00001000011110000000000000000000000000000000000000000 from East to West at  378.00 ns
node          14 receives packet 11001001000000100100010000000001100101110111000000000 from West input at  383.00 ns
node          14 sends packet 11001001000000100100010000000001100101110111000000000 from West to East at  385.00 ns
node          14 receives packet 11000001000000111000010000000011001011101110000000000 from West input at  395.00 ns
node          14 sends packet 11000001000000111000010000000011001011101110000000000 from West to South at  397.00 ns
node          14 receives packet 11000000000000101000000100000010110110110111000000000 from West input at  419.00 ns
node          14 sends packet 000000000111011011011010000001000000101000000 from West to PE at  421.00 ns
node          14 receives packet 11000111011101000000000100000001000001000000000000000 from West input at  425.00 ns
node          14 sends packet 11000111011101000000000100000001000001000000000000000 from West to South at  427.00 ns
node          14 receives packet 11000011011101000000000100000001000001000000000000000 from West input at  437.00 ns
node          14 sends packet 11000011011101000000000100000001000001000000000000000 from West to South at  439.00 ns
node          14 receives packet 11001111001011001100000000010100010000000000000000000 from West input at  440.00 ns
node          14 sends packet 11001111001011001100000000010100010000000000000000000 from West to East at  442.00 ns
node          14 receives packet 11000000100000101000000100001011100110111111000000000 from West input at  443.00 ns
node          14 sends packet 000000000111111011001110100001000000101000001 from West to PE at  445.00 ns
node          14 receives packet 11001111000111000110000000001000000100000000000000000 from PE input at  451.00 ns
node          14 sends packet 11001111000111000110000000001000000100000000000000000 from PE to East at  453.00 ns
node          14 receives packet 11001001100000100100010000001111110001001010000000000 from West input at  455.00 ns
node          14 sends packet 11001001100000100100010000001111110001001010000000000 from West to East at  457.00 ns
node          14 receives packet 11001011000000100000010000001110011000000100000000000 from West input at  461.00 ns
node          14 sends packet 11001011000000100000010000001110011000000100000000000 from West to East at  463.00 ns
node          14 receives packet 11000001100000111000010000001111100110000101000000000 from West input at  467.00 ns
node          14 sends packet 11000001100000111000010000001111100110000101000000000 from West to South at  469.00 ns
node          14 receives packet 11001111100111000011000000001000000100000000000000000 from PE input at  477.00 ns
node          14 sends packet 11001111100111000011000000001000000100000000000000000 from PE to East at  479.00 ns
node          14 receives packet 11001000000000111000000100001001111011010011000000000 from West input at  479.00 ns
node          14 receives packet 00011000001110000000000000000000000000000000000000000 from PE input at  480.00 ns
node          14 sends packet 11001000000000111000000100001001111011010011000000000 from West to East at  481.00 ns
node          14 sends packet 00011000001110000000000000000000000000000000000000000 from PE to West at  482.00 ns
node          14 receives packet 11001000100000111000000100001101010001011111000000000 from West input at  503.00 ns
node          14 sends packet 11001000100000111000000100001101010001011111000000000 from West to East at  505.00 ns
node          14 receives packet 11000111000000101000000000000101110011010001000000000 from West input at  521.00 ns
node          14 sends packet 11000111000000101000000000000101110011010001000000000 from West to South at  523.00 ns
node          14 receives packet 11001111101011110001000000010100010000000000000000000 from West input at  525.00 ns
node          14 sends packet 11001111101011110001000000010100010000000000000000000 from West to East at  527.00 ns
node          14 receives packet 11000011000000110100000000000100101110111010000000000 from West input at  528.00 ns
node          14 sends packet 11000011000000110100000000000100101110111010000000000 from West to South at  530.00 ns
node          14 receives packet 11001011100000100000010000001110111100101110000000000 from West input at  539.00 ns
node          14 sends packet 11001011100000100000010000001110111100101110000000000 from West to East at  541.00 ns
node          14 receives packet 00011000011110000000000000000000000000000000000000000 from East input at  556.00 ns
node          14 sends packet 00001000011110000000000000000000000000000000000000000 from East to West at  558.00 ns
node          14 receives packet 11000111100000101000000000000011000010111100000000000 from West input at  569.00 ns
node          14 sends packet 11000111100000101000000000000011000010111100000000000 from West to South at  571.00 ns
node          14 receives packet 11000011100000110100000000001110101001011111000000000 from West input at  575.00 ns
node          14 sends packet 11000011100000110100000000001110101001011111000000000 from West to South at  577.00 ns
node          14 receives packet 11000001000000110100011000001011011110000100000000000 from West input at  593.00 ns
node          14 sends packet 11000001000000110100011000001011011110000100000000000 from West to South at  595.00 ns
node          14 receives packet 11000001100000110100011000001101100101111110000000000 from West input at  599.00 ns
node          14 sends packet 11000001100000110100011000001101100101111110000000000 from West to South at  601.00 ns
node          14 receives packet 11001001000000100000000100001011011111101110000000000 from West input at  605.00 ns
node          14 sends packet 11001001000000100000000100001011011111101110000000000 from West to East at  607.00 ns
node          14 receives packet 11001001100000100000000100001111010011001110000000000 from West input at  611.00 ns
node          14 sends packet 11001001100000100000000100001111010011001110000000000 from West to East at  613.00 ns
node          14 receives packet 11001111001011111010000000010000000100000000000000000 from West input at  614.00 ns
node          14 sends packet 11001111001011111010000000010000000100000000000000000 from West to East at  618.00 ns
node          14 receives packet 11001111101011011001000000010000000100000000000000000 from West input at  621.00 ns
node          14 sends packet 11001111101011011001000000010000000100000000000000000 from West to East at  623.00 ns
node          14 receives packet 11001011000000101000011000001101101101110101000000000 from West input at  722.00 ns
node          14 sends packet 11001011000000101000011000001101101101110101000000000 from West to East at  724.00 ns
node          14 receives packet 11001011100000101000011000001001101111110011000000000 from West input at  728.00 ns
node          14 sends packet 11001011100000101000011000001001101111110011000000000 from West to East at  730.00 ns
node          14 receives packet 11000011000000110000011000001011011111111011000000000 from West input at  734.00 ns
node          14 sends packet 11000011000000110000011000001011011111111011000000000 from West to South at  736.00 ns
node          14 receives packet 11000011100000110000011000000010011011110111000000000 from West input at  740.00 ns
node          14 sends packet 11000011100000110000011000000010011011110111000000000 from West to South at  742.00 ns
node          14 receives packet 11000111000000100100001000001110000110010111000000000 from West input at  748.00 ns
node          14 sends packet 11000111000000100100001000001110000110010111000000000 from West to South at  750.00 ns
node          14 receives packet 11000111100000100100001000000010111111000100000000000 from West input at  754.00 ns
node          14 sends packet 11000111100000100100001000000010111111000100000000000 from West to South at  756.00 ns
node          14 receives packet 11000011000000111000010100000110100111101101000000000 from West input at  891.00 ns
node          14 sends packet 11000011000000111000010100000110100111101101000000000 from West to South at  893.00 ns
node          14 receives packet 11000011100000111000010100001100110101000101000000000 from West input at  897.00 ns
node          14 sends packet 11000011100000111000010100001100110101000101000000000 from West to South at  899.00 ns
node          14 receives packet 11001011000000100100010100001011010001111110000000000 from West input at  903.00 ns
node          14 sends packet 11001011000000100100010100001011010001111110000000000 from West to East at  905.00 ns
node          14 receives packet 11001011100000100100010100001110011010100010000000000 from West input at  909.00 ns
node          14 sends packet 11001011100000100100010100001110011010100010000000000 from West to East at  911.00 ns
node          14 receives packet 11000111000000100000010100000001101101111110000000000 from West input at  933.00 ns
node          14 sends packet 11000111000000100000010100000001101101111110000000000 from West to South at  935.00 ns
node          14 receives packet 11000111100000100000010100000001111101001100000000000 from West input at  939.00 ns
node          14 sends packet 11000111100000100000010100000001111101001100000000000 from West to South at  941.00 ns
